{"/home/thyago/Desktop/project rpg/vue/vue2-climate-query/src/components/buttons/Mybutton.vue": {"path":"/home/thyago/Desktop/project rpg/vue/vue2-climate-query/src/components/buttons/Mybutton.vue","statementMap":{"0":{"start":{"line":17,"column":0},"end":{"line":17,"column":null}},"1":{"start":{"line":1,"column":0},"end":{"line":1,"column":null}}},"fnMap":{"0":{"name":"(anonymous_1)","decl":{"start":{"line":1,"column":0},"end":{"line":1,"column":null}},"loc":{"start":{"line":1,"column":0},"end":{"line":1,"column":null}}}},"branchMap":{},"s":{"0":3,"1":25},"f":{"0":6},"b":{}}
,"/home/thyago/Desktop/project rpg/vue/vue2-climate-query/src/components/weather/WeatherCard.vue": {"path":"/home/thyago/Desktop/project rpg/vue/vue2-climate-query/src/components/weather/WeatherCard.vue","statementMap":{"0":{"start":{"line":53,"column":0},"end":{"line":53,"column":null}},"1":{"start":{"line":55,"column":0},"end":{"line":55,"column":null}},"2":{"start":{"line":1,"column":0},"end":{"line":1,"column":null}}},"fnMap":{"0":{"name":"(anonymous_3)","decl":{"start":{"line":1,"column":0},"end":{"line":1,"column":null}},"loc":{"start":{"line":1,"column":0},"end":{"line":1,"column":null}}}},"branchMap":{},"s":{"0":1,"1":1,"2":23},"f":{"0":10},"b":{}}
,"/home/thyago/Desktop/project rpg/vue/vue2-climate-query/src/components/weather/WeatherSettings.vue": {"path":"/home/thyago/Desktop/project rpg/vue/vue2-climate-query/src/components/weather/WeatherSettings.vue","statementMap":{"0":{"start":{"line":46,"column":0},"end":{"line":46,"column":null}},"1":{"start":{"line":47,"column":0},"end":{"line":47,"column":null}},"2":{"start":{"line":48,"column":0},"end":{"line":48,"column":null}},"3":{"start":{"line":1,"column":0},"end":{"line":1,"column":null}}},"fnMap":{"0":{"name":"(anonymous_10)","decl":{"start":{"line":1,"column":0},"end":{"line":1,"column":null}},"loc":{"start":{"line":1,"column":0},"end":{"line":1,"column":null}}}},"branchMap":{},"s":{"0":1,"1":1,"2":1,"3":77},"f":{"0":42},"b":{}}
}
